This is pdfTeX, Version 3.141592653-2.6-1.40.29 (TeX Live 2026/Arch Linux) (preloaded format=pdflatex 2026.6.27)  27 JUN 2026 06:47
entering extended mode
 restricted \write18 enabled.
 file:line:error style messages enabled.
 %&-line parsing enabled.
**/home/julsen/Proseminar/old/ausarbeitung_vor.tex
(/home/julsen/Proseminar/old/ausarbeitung_vor.tex
LaTeX2e <2025-11-01>
L3 programming layer <2026-01-19>
(/usr/share/texmf-dist/tex/latex/base/article.cls
Document Class: article 2025/01/22 v1.4n Standard LaTeX document class
(/usr/share/texmf-dist/tex/latex/base/size11.clo
File: size11.clo 2025/01/22 v1.4n Standard LaTeX file (size option)
)
\c@part=\count275
\c@section=\count276
\c@subsection=\count277
\c@subsubsection=\count278
\c@paragraph=\count279
\c@subparagraph=\count280
\c@figure=\count281
\c@table=\count282
\abovecaptionskip=\skip49
\belowcaptionskip=\skip50
\bibindent=\dimen148
) (/usr/share/texmf-dist/tex/latex/geometry/geometry.sty
Package: geometry 2020/01/02 v5.9 Page Geometry
 (/usr/share/texmf-dist/tex/latex/graphics/keyval.sty
Package: keyval 2022/05/29 v1.15 key=value parser (DPC)
\KV@toks@=\toks17
) (/usr/share/texmf-dist/tex/generic/iftex/ifvtex.sty
Package: ifvtex 2019/10/25 v1.7 ifvtex legacy package. Use iftex instead.
 (/usr/share/texmf-dist/tex/generic/iftex/iftex.sty
Package: iftex 2024/12/12 v1.0g TeX engine tests
))
\Gm@cnth=\count283
\Gm@cntv=\count284
\c@Gm@tempcnt=\count285
\Gm@bindingoffset=\dimen149
\Gm@wd@mp=\dimen150
\Gm@odd@mp=\dimen151
\Gm@even@mp=\dimen152
\Gm@layoutwidth=\dimen153
\Gm@layoutheight=\dimen154
\Gm@layouthoffset=\dimen155
\Gm@layoutvoffset=\dimen156
\Gm@dimlist=\toks18
) (/usr/share/texmf-dist/tex/latex/enumitem/enumitem.sty
Package: enumitem 2025/02/06 v3.11 Customized lists
\labelindent=\skip51
\enit@outerparindent=\dimen157
\enit@toks=\toks19
\enit@inbox=\box53
\enit@count@id=\count286
\enitdp@description=\count287
) (/usr/share/texmf-dist/tex/latex/graphics/color.sty
Package: color 2025/01/14 v1.3e Standard LaTeX Color (DPC)
 (/usr/share/texmf-dist/tex/latex/graphics-cfg/color.cfg
File: color.cfg 2016/01/02 v1.6 sample color configuration
)
Package color Info: Driver file: pdftex.def on input line 149.
 (/usr/share/texmf-dist/tex/latex/graphics-def/pdftex.def
File: pdftex.def 2025/09/29 v1.2d Graphics/color driver for pdftex
) (/usr/share/texmf-dist/tex/latex/graphics/mathcolor.ltx)) (/usr/share/texmf-dist/tex/generic/soul/soul.sty
Package: soul 2023-06-14 v3.1 Permit use of UTF-8 characters in soul (HO)
 (/usr/share/texmf-dist/tex/generic/soul/soul-ori.sty
Package: soul-ori 2023-06-14 v3.1 letterspacing/underlining (mf)
\SOUL@word=\toks20
\SOUL@lasttoken=\toks21
\SOUL@syllable=\toks22
\SOUL@cmds=\toks23
\SOUL@buffer=\toks24
\SOUL@token=\toks25
\SOUL@syllgoal=\dimen158
\SOUL@syllwidth=\dimen159
\SOUL@charkern=\dimen160
\SOUL@hyphkern=\dimen161
\SOUL@dimen=\dimen162
\SOUL@dimeni=\dimen163
\SOUL@minus=\count288
\SOUL@comma=\count289
\SOUL@apo=\count290
\SOUL@grave=\count291
\SOUL@spaceskip=\skip52
\SOUL@ttwidth=\dimen164
\SOUL@uldp=\dimen165
\SOUL@ulht=\dimen166
) (/usr/share/texmf-dist/tex/generic/infwarerr/infwarerr.sty
Package: infwarerr 2019/12/03 v1.5 Providing info/warning/error messages (HO)
) (/usr/share/texmf-dist/tex/generic/etexcmds/etexcmds.sty
Package: etexcmds 2019/12/15 v1.7 Avoid name clashes with e-TeX commands (HO)
)) (/usr/share/texmf-dist/tex/generic/babel/babel.sty
Package: babel 2026/02/14 v26.3 The multilingual framework for LuaLaTeX, pdfLaTeX and XeLaTeX
\babel@savecnt=\count292
LaTeX Encoding Info:    Redeclaring text command \ij (encoding OT1) on input line 2078.
LaTeX Encoding Info:    Redeclaring text command \IJ (encoding OT1) on input line 2080.
LaTeX Encoding Info:    Redeclaring text command \ij (encoding T1) on input line 2082.
LaTeX Encoding Info:    Redeclaring text command \IJ (encoding T1) on input line 2083.
LaTeX Encoding Info:    Ignoring declaration for text command \ij (encoding ?) on input line 2084.
LaTeX Encoding Info:    Ignoring declaration for text command \IJ (encoding ?) on input line 2086.
LaTeX Encoding Info:    Ignoring declaration for text command \SS (encoding ?) on input line 2111.
\U@D=\dimen167
\l@unhyphenated=\language3
 (/usr/share/texmf-dist/tex/generic/babel/txtbabel.def)
\bbl@readstream=\read2
\bbl@dirlevel=\count293
 (/usr/share/texmf-dist/tex/generic/babel/locale/de/babel-german.tex)

Package babel Warning: The name 'german' with the 'ldf' mechanism is
(babel)                currently assigned to the old 1901 variant of German.
(babel)                For modern post-1996 German, use the name 'ngerman'.
(babel)                Reported on input line 4330.

Package babel Info: Importing font and identification data for german
(babel)             from babel-de-1901.ini. Reported on input line 4330.
(/usr/share/texmf-dist/tex/generic/babel/errbabel.def)

/usr/share/texmf-dist/tex/generic/babel/babel.sty:4330: Package babel Error: Unknown option 'german'.
(babel)                Suggested actions:
(babel)                * Make sure you haven’t misspelled it
(babel)                * Check in the babel manual that it's supported
(babel)                * If supported and it's a language, you may
(babel)                  need in some distributions a separate
(babel)                  installation
(babel)                * If installed, check there isn’t an old
(babel)                  version of the required files in your system
(babel)                * If it's an unsupported language, create it with
(babel)                \babelprovide(see the manual).

See the babel package documentation for explanation.
Type  H <return>  for immediate help.
 ...                                              
                                                  
l.4330 \bbl@tempb
                 
Valid options are, among others: shorthands=, KeepShorthandsActive,
activeacute, activegrave, noconfigs, safe=, main=, math=
headfoot=, strings=, config=, hyphenmap=, or a language name.

) (/usr/share/texmf-dist/tex/latex/spverbatim/spverbatim.sty
Package: spverbatim 2009/08/10 v1.0 Verbatim with breakable spaces
) (/usr/share/texmf-dist/tex/latex/biblatex/biblatex.sty
Package: biblatex 2025/07/10 v3.21 programmable bibliographies (PK/MW)
 (/usr/share/texmf-dist/tex/generic/pdftexcmds/pdftexcmds.sty
Package: pdftexcmds 2020-06-27 v0.33 Utility functions of pdfTeX for LuaTeX (HO)
 (/usr/share/texmf-dist/tex/generic/ltxcmds/ltxcmds.sty
Package: ltxcmds 2023-12-04 v1.26 LaTeX kernel commands for general use (HO)
)
Package pdftexcmds Info: \pdf@primitive is available.
Package pdftexcmds Info: \pdf@ifprimitive is available.
Package pdftexcmds Info: \pdfdraftmode found.
) (/usr/share/texmf-dist/tex/latex/etoolbox/etoolbox.sty
Package: etoolbox 2025/10/02 v2.5m e-TeX tools for LaTeX (JAW)
\etb@tempcnta=\count294
) (/usr/share/texmf-dist/tex/latex/kvoptions/kvoptions.sty
Package: kvoptions 2022-06-15 v3.15 Key value format for package options (HO)
 (/usr/share/texmf-dist/tex/latex/kvsetkeys/kvsetkeys.sty
Package: kvsetkeys 2022-10-05 v1.19 Key value parser (HO)
)) (/usr/share/texmf-dist/tex/latex/logreq/logreq.sty
Package: logreq 2010/08/04 v1.0 xml request logger
\lrq@indent=\count295
 (/usr/share/texmf-dist/tex/latex/logreq/logreq.def
File: logreq.def 2010/08/04 v1.0 logreq spec v1.0
)) (/usr/share/texmf-dist/tex/latex/base/ifthen.sty
Package: ifthen 2024/03/16 v1.1e Standard LaTeX ifthen package (DPC)
) (/usr/share/texmf-dist/tex/latex/url/url.sty
\Urlmuskip=\muskip17
Package: url 2013/09/16  ver 3.4  Verb mode for urls, etc.
)
\c@tabx@nest=\count296
\c@listtotal=\count297
\c@listcount=\count298
\c@liststart=\count299
\c@liststop=\count300
\c@citecount=\count301
\c@citetotal=\count302
\c@multicitecount=\count303
\c@multicitetotal=\count304
\c@instcount=\count305
\c@maxnames=\count306
\c@minnames=\count307
\c@maxitems=\count308
\c@minitems=\count309
\c@citecounter=\count310
\c@maxcitecounter=\count311
\c@savedcitecounter=\count312
\c@uniquelist=\count313
\c@uniquename=\count314
\c@refsection=\count315
\c@refsegment=\count316
\c@maxextratitle=\count317
\c@maxextratitleyear=\count318
\c@maxextraname=\count319
\c@maxextradate=\count320
\c@maxextraalpha=\count321
\c@abbrvpenalty=\count322
\c@highnamepenalty=\count323
\c@lownamepenalty=\count324
\c@maxparens=\count325
\c@parenlevel=\count326
\blx@tempcnta=\count327
\blx@tempcntb=\count328
\blx@tempcntc=\count329
\c@blx@maxsection=\count330
\blx@maxsegment@0=\count331
\blx@notetype=\count332
\blx@parenlevel@text=\count333
\blx@parenlevel@foot=\count334
\blx@sectionciteorder@0=\count335
\blx@sectionciteorderinternal@0=\count336
\blx@entrysetcounter=\count337
\blx@biblioinstance=\count338
\labelnumberwidth=\skip53
\labelalphawidth=\skip54
\biblabelsep=\skip55
\bibitemsep=\skip56
\bibnamesep=\skip57
\bibinitsep=\skip58
\bibparsep=\skip59
\bibhang=\skip60
\blx@bcfin=\read3
\blx@bcfout=\write3
\blx@langwohyphens=\language4
\c@mincomprange=\count339
\c@maxcomprange=\count340
\c@mincompwidth=\count341
Package biblatex Info: Trying to load biblatex default data model...
Package biblatex Info: ... file 'blx-dm.def' found.
 (/usr/share/texmf-dist/tex/latex/biblatex/blx-dm.def
File: blx-dm.def 2025/07/10 v3.21 biblatex datamodel (PK/MW)
)
Package biblatex Info: Trying to load biblatex style data model...
Package biblatex Info: ... file 'ieee.dbx' not found.
Package biblatex Info: Trying to load biblatex custom data model...
Package biblatex Info: ... file 'biblatex-dm.cfg' not found.
\c@afterword=\count342
\c@savedafterword=\count343
\c@annotator=\count344
\c@savedannotator=\count345
\c@author=\count346
\c@savedauthor=\count347
\c@bookauthor=\count348
\c@savedbookauthor=\count349
\c@commentator=\count350
\c@savedcommentator=\count351
\c@editor=\count352
\c@savededitor=\count353
\c@editora=\count354
\c@savededitora=\count355
\c@editorb=\count356
\c@savededitorb=\count357
\c@editorc=\count358
\c@savededitorc=\count359
\c@foreword=\count360
\c@savedforeword=\count361
\c@holder=\count362
\c@savedholder=\count363
\c@introduction=\count364
\c@savedintroduction=\count365
\c@namea=\count366
\c@savednamea=\count367
\c@nameb=\count368
\c@savednameb=\count369
\c@namec=\count370
\c@savednamec=\count371
\c@translator=\count372
\c@savedtranslator=\count373
\c@shortauthor=\count374
\c@savedshortauthor=\count375
\c@shorteditor=\count376
\c@savedshorteditor=\count377
\c@labelname=\count378
\c@savedlabelname=\count379
\c@institution=\count380
\c@savedinstitution=\count381
\c@lista=\count382
\c@savedlista=\count383
\c@listb=\count384
\c@savedlistb=\count385
\c@listc=\count386
\c@savedlistc=\count387
\c@listd=\count388
\c@savedlistd=\count389
\c@liste=\count390
\c@savedliste=\count391
\c@listf=\count392
\c@savedlistf=\count393
\c@location=\count394
\c@savedlocation=\count395
\c@organization=\count396
\c@savedorganization=\count397
\c@origlocation=\count398
\c@savedoriglocation=\count399
\c@origpublisher=\count400
\c@savedorigpublisher=\count401
\c@publisher=\count402
\c@savedpublisher=\count403
\c@language=\count404
\c@savedlanguage=\count405
\c@origlanguage=\count406
\c@savedoriglanguage=\count407
\c@pageref=\count408
\c@savedpageref=\count409
\shorthandwidth=\skip61
\shortjournalwidth=\skip62
\shortserieswidth=\skip63
\shorttitlewidth=\skip64
\shortauthorwidth=\skip65
\shorteditorwidth=\skip66
\locallabelnumberwidth=\skip67
\locallabelalphawidth=\skip68
\localshorthandwidth=\skip69
\localshortjournalwidth=\skip70
\localshortserieswidth=\skip71
\localshorttitlewidth=\skip72
\localshortauthorwidth=\skip73
\localshorteditorwidth=\skip74
Package biblatex Info: Trying to load compatibility code...
Package biblatex Info: ... file 'blx-compat.def' found.
 (/usr/share/texmf-dist/tex/latex/biblatex/blx-compat.def
File: blx-compat.def 2025/07/10 v3.21 biblatex compatibility (PK/MW)
)
Package biblatex Info: Trying to load generic definitions...
Package biblatex Info: ... file 'biblatex.def' found.
 (/usr/share/texmf-dist/tex/latex/biblatex/biblatex.def
File: biblatex.def 2025/07/10 v3.21 biblatex compatibility (PK/MW)
\c@textcitecount=\count410
\c@textcitetotal=\count411
\c@textcitemaxnames=\count412
\c@biburlbigbreakpenalty=\count413
\c@biburlbreakpenalty=\count414
\c@biburlnumpenalty=\count415
\c@biburlucpenalty=\count416
\c@biburllcpenalty=\count417
\biburlbigskip=\muskip18
\biburlnumskip=\muskip19
\biburlucskip=\muskip20
\biburllcskip=\muskip21
\c@smartand=\count418
)
Package biblatex Info: Trying to load bibliography style 'ieee'...
Package biblatex Info: ... file 'ieee.bbx' found.
 (/usr/share/texmf-dist/tex/latex/biblatex-ieee/ieee.bbx
File: ieee.bbx 2025-08-01 v1.4f biblatex bibliography style
Package biblatex Info: Trying to load bibliography style 'numeric-comp'...
Package biblatex Info: ... file 'numeric-comp.bbx' found.
 (/usr/share/texmf-dist/tex/latex/biblatex/bbx/numeric-comp.bbx
File: numeric-comp.bbx 2025/07/10 v3.21 biblatex bibliography style (PK/MW)
Package biblatex Info: Trying to load bibliography style 'numeric'...
Package biblatex Info: ... file 'numeric.bbx' found.
 (/usr/share/texmf-dist/tex/latex/biblatex/bbx/numeric.bbx
File: numeric.bbx 2025/07/10 v3.21 biblatex bibliography style (PK/MW)
Package biblatex Info: Trying to load bibliography style 'standard'...
Package biblatex Info: ... file 'standard.bbx' found.
 (/usr/share/texmf-dist/tex/latex/biblatex/bbx/standard.bbx
File: standard.bbx 2025/07/10 v3.21 biblatex bibliography style (PK/MW)
\c@bbx:relatedcount=\count419
\c@bbx:relatedtotal=\count420
))))
Package biblatex Info: Trying to load citation style 'ieee'...
Package biblatex Info: ... file 'ieee.cbx' found.
 (/usr/share/texmf-dist/tex/latex/biblatex-ieee/ieee.cbx
File: ieee.cbx 2025-08-01 v1.4f biblatex citation style
Package biblatex Info: Trying to load citation style 'numeric-verb'...
Package biblatex Info: ... file 'numeric-verb.cbx' found.
 (/usr/share/texmf-dist/tex/latex/biblatex/cbx/numeric-verb.cbx
File: numeric-verb.cbx 2025/07/10 v3.21 biblatex citation style (PK/MW)
Package biblatex Info: Redefining '\cite'.
Package biblatex Info: Redefining '\parencite'.
Package biblatex Info: Redefining '\footcite'.
Package biblatex Info: Redefining '\footcitetext'.
Package biblatex Info: Redefining '\smartcite'.
Package biblatex Info: Redefining '\textcite'.
Package biblatex Info: Redefining '\supercite'.
Package biblatex Info: Redefining '\parencites'.
Package biblatex Info: Redefining '\smartcites'.
Package biblatex Info: Redefining '\textcites'.
))
Package biblatex Info: Trying to load configuration file...
Package biblatex Info: ... file 'biblatex.cfg' found.
 (/usr/share/texmf-dist/tex/latex/biblatex/biblatex.cfg
File: biblatex.cfg 
)
Package biblatex Info: Input encoding 'utf8' detected.
Package biblatex Info: Document encoding is UTF8 ....
 (/usr/share/texmf-dist/tex/latex/l3kernel/expl3.sty
Package: expl3 2026-01-19 L3 programming layer (loader) 
 (/usr/share/texmf-dist/tex/latex/l3backend/l3backend-pdftex.def
File: l3backend-pdftex.def 2025-10-09 L3 backend support: PDF output (pdfTeX)
\l__color_backend_stack_int=\count421
))
Package biblatex Info: ... and expl3
(biblatex)             2026-01-19 L3 programming layer (loader) 
(biblatex)             is new enough (at least 2020/04/06),
(biblatex)             setting 'casechanger=expl3'.
 (/usr/share/texmf-dist/tex/latex/biblatex/blx-case-expl3.sty (/usr/share/texmf-dist/tex/latex/l3packages/xparse/xparse.sty
Package: xparse 2025-10-09 L3 Experimental document command parser
)
Package: blx-case-expl3 2025/07/10 v3.21 expl3 case changing code for biblatex
)) (/usr/share/texmf-dist/tex/latex/hyperref/hyperref.sty
Package: hyperref 2026-01-29 v7.01p Hypertext links for LaTeX
 (/usr/share/texmf-dist/tex/generic/kvdefinekeys/kvdefinekeys.sty
Package: kvdefinekeys 2019-12-19 v1.6 Define keys (HO)
) (/usr/share/texmf-dist/tex/generic/pdfescape/pdfescape.sty
Package: pdfescape 2019/12/09 v1.15 Implements pdfTeX's escape features (HO)
) (/usr/share/texmf-dist/tex/latex/hycolor/hycolor.sty
Package: hycolor 2020-01-27 v1.10 Color options for hyperref/bookmark (HO)
) (/usr/share/texmf-dist/tex/latex/hyperref/nameref.sty
Package: nameref 2026-01-29 v2.58 Cross-referencing by name of section
 (/usr/share/texmf-dist/tex/latex/refcount/refcount.sty
Package: refcount 2019/12/15 v3.6 Data extraction from label references (HO)
) (/usr/share/texmf-dist/tex/generic/gettitlestring/gettitlestring.sty
Package: gettitlestring 2019/12/15 v1.6 Cleanup title references (HO)
)
\c@section@level=\count422
) (/usr/share/texmf-dist/tex/generic/stringenc/stringenc.sty
Package: stringenc 2019/11/29 v1.12 Convert strings between diff. encodings (HO)
)
\@linkdim=\dimen168
\Hy@linkcounter=\count423
\Hy@pagecounter=\count424
 (/usr/share/texmf-dist/tex/latex/hyperref/pd1enc.def
File: pd1enc.def 2026-01-29 v7.01p Hyperref: PDFDocEncoding definition (HO)
Now handling font encoding PD1 ...
... no UTF-8 mapping file for font encoding PD1
) (/usr/share/texmf-dist/tex/generic/intcalc/intcalc.sty
Package: intcalc 2019/12/15 v1.3 Expandable calculations with integers (HO)
)
\Hy@SavedSpaceFactor=\count425
 (/usr/share/texmf-dist/tex/latex/hyperref/puenc.def
File: puenc.def 2026-01-29 v7.01p Hyperref: PDF Unicode definition (HO)
Now handling font encoding PU ...
... no UTF-8 mapping file for font encoding PU
)
Package hyperref Info: Option `pdfusetitle' set `true' on input line 4072.
Package hyperref Info: Hyper figures OFF on input line 4201.
Package hyperref Info: Link nesting OFF on input line 4206.
Package hyperref Info: Hyper index ON on input line 4209.
Package hyperref Info: Plain pages OFF on input line 4216.
Package hyperref Info: Backreferencing OFF on input line 4221.
Package hyperref Info: Implicit mode ON; LaTeX internals redefined.
Package hyperref Info: Bookmarks ON on input line 4468.
\c@Hy@tempcnt=\count426
LaTeX Info: Redefining \url on input line 4807.
\XeTeXLinkMargin=\dimen169
 (/usr/share/texmf-dist/tex/generic/bitset/bitset.sty
Package: bitset 2019/12/09 v1.3 Handle bit-vector datatype (HO)
 (/usr/share/texmf-dist/tex/generic/bigintcalc/bigintcalc.sty
Package: bigintcalc 2019/12/15 v1.5 Expandable calculations on big integers (HO)
))
\Fld@menulength=\count427
\Field@Width=\dimen170
\Fld@charsize=\dimen171
Package hyperref Info: Hyper figures OFF on input line 6084.
Package hyperref Info: Link nesting OFF on input line 6089.
Package hyperref Info: Hyper index ON on input line 6092.
Package hyperref Info: backreferencing OFF on input line 6099.
Package hyperref Info: Link coloring OFF on input line 6104.
Package hyperref Info: Link coloring with OCG OFF on input line 6109.
Package hyperref Info: PDF/A mode OFF on input line 6114.
\Hy@abspage=\count428
\c@Item=\count429
\c@Hfootnote=\count430
)
Package hyperref Info: Driver (autodetected): hpdftex.
 (/usr/share/texmf-dist/tex/latex/hyperref/hpdftex.def
File: hpdftex.def 2026-01-29 v7.01p Hyperref driver for pdfTeX
\Fld@listcount=\count431
\c@bookmark@seq@number=\count432
 (/usr/share/texmf-dist/tex/latex/rerunfilecheck/rerunfilecheck.sty
Package: rerunfilecheck 2025-06-21 v1.11 Rerun checks for auxiliary files (HO)
 (/usr/share/texmf-dist/tex/generic/uniquecounter/uniquecounter.sty
Package: uniquecounter 2019/12/15 v1.4 Provide unlimited unique counter (HO)
)
Package uniquecounter Info: New unique counter `rerunfilecheck' on input line 284.
)
\Hy@SectionHShift=\skip75
) (/usr/share/texmf-dist/tex/latex/csquotes/csquotes.sty
Package: csquotes 2024-04-04 v5.2o context-sensitive quotations (JAW)
\csq@reset=\count433
\csq@gtype=\count434
\csq@glevel=\count435
\csq@qlevel=\count436
\csq@maxlvl=\count437
\csq@tshold=\count438
\csq@ltx@everypar=\toks26
 (/usr/share/texmf-dist/tex/latex/csquotes/csquotes.def
File: csquotes.def 2024-04-04 v5.2o csquotes generic definitions (JAW)
)
Package csquotes Info: Trying to load configuration file 'csquotes.cfg'...
Package csquotes Info: ... configuration file loaded successfully.
 (/usr/share/texmf-dist/tex/latex/csquotes/csquotes.cfg
File: csquotes.cfg 
)) (/usr/share/texmf-dist/tex/latex/parskip/parskip.sty
Package: parskip 2021-03-14 v2.0h non-zero parskip adjustments
) (/usr/share/texmf-dist/tex/latex/comment/comment.sty
\CommentStream=\write4
 Excluding comment 'comment') (/usr/share/texmf-dist/tex/latex/fancyvrb/fancyvrb.sty
Package: fancyvrb 2025/07/28 4.6 verbatim text (tvz,hv)
\FV@CodeLineNo=\count439
\FV@InFile=\read4
\FV@TabBox=\box54
\c@FancyVerbLine=\count440
\FV@StepNumber=\count441
\FV@OutFile=\write5
)
Package csquotes Info: Checking for multilingual support...
Package csquotes Info: ... found 'babel' package.
Package csquotes Info: Adjusting default style.

/home/julsen/Proseminar/old/ausarbeitung_vor.tex:29: Undefined control sequence.
\csq@main@language ->\bbl@main@language 
                                        
l.29 \begin{document}
                     
The control sequence at the end of the top line
of your error message was never \def'ed. If you have
misspelled it (e.g., `\hobx'), type `I' and the correct
spelling (e.g., `I\hbox'). Otherwise just continue,
and I'll forget about whatever was undefined.

/home/julsen/Proseminar/old/ausarbeitung_vor.tex:29: Undefined control sequence.
\csq@main@language ->\bbl@main@language 
                                        
l.29 \begin{document}
                     
The control sequence at the end of the top line
of your error message was never \def'ed. If you have
misspelled it (e.g., `\hobx'), type `I' and the correct
spelling (e.g., `I\hbox'). Otherwise just continue,
and I'll forget about whatever was undefined.


Package csquotes Warning: No style for language ''.
(csquotes)                Using fallback style on input line 29.

Package csquotes Info: Redefining alias 'default' -> 'fallback'.
(./ausarbeitung_vor.aux)
\openout1 = `ausarbeitung_vor.aux'.

LaTeX Font Info:    Checking defaults for OML/cmm/m/it on input line 29.
LaTeX Font Info:    ... okay on input line 29.
LaTeX Font Info:    Checking defaults for OMS/cmsy/m/n on input line 29.
LaTeX Font Info:    ... okay on input line 29.
LaTeX Font Info:    Checking defaults for OT1/cmr/m/n on input line 29.
LaTeX Font Info:    ... okay on input line 29.
LaTeX Font Info:    Checking defaults for T1/cmr/m/n on input line 29.
LaTeX Font Info:    ... okay on input line 29.
LaTeX Font Info:    Checking defaults for TS1/cmr/m/n on input line 29.
LaTeX Font Info:    ... okay on input line 29.
LaTeX Font Info:    Checking defaults for OMX/cmex/m/n on input line 29.
LaTeX Font Info:    ... okay on input line 29.
LaTeX Font Info:    Checking defaults for U/cmr/m/n on input line 29.
LaTeX Font Info:    ... okay on input line 29.
LaTeX Font Info:    Checking defaults for PD1/pdf/m/n on input line 29.
LaTeX Font Info:    ... okay on input line 29.
LaTeX Font Info:    Checking defaults for PU/pdf/m/n on input line 29.
LaTeX Font Info:    ... okay on input line 29.

*geometry* driver: auto-detecting
*geometry* detected driver: pdftex
*geometry* verbose mode - [ preamble ] result:
* driver: pdftex
* paper: a4paper
* layout: <same size as paper>
* layoutoffset:(h,v)=(0.0pt,0.0pt)
* modes: 
* h-part:(L,W,R)=(71.13188pt, 455.24411pt, 71.13188pt)
* v-part:(T,H,B)=(71.13188pt, 672.50832pt, 101.40665pt)
* \paperwidth=597.50787pt
* \paperheight=845.04684pt
* \textwidth=455.24411pt
* \textheight=672.50832pt
* \oddsidemargin=-1.1381pt
* \evensidemargin=-1.1381pt
* \topmargin=-38.1381pt
* \headheight=12.0pt
* \headsep=25.0pt
* \topskip=11.0pt
* \footskip=30.0pt
* \marginparwidth=50.0pt
* \marginparsep=10.0pt
* \columnsep=10.0pt
* \skip\footins=10.0pt plus 4.0pt minus 2.0pt
* \hoffset=0.0pt
* \voffset=0.0pt
* \mag=1000
* \@twocolumnfalse
* \@twosidefalse
* \@mparswitchfalse
* \@reversemarginfalse
* (1in=72.27pt=25.4mm, 1cm=28.453pt)

(/usr/share/texmf-dist/tex/context/base/mkii/supp-pdf.mkii
[Loading MPS to PDF converter (version 2006.09.02).]
\scratchcounter=\count442
\scratchdimen=\dimen172
\scratchbox=\box55
\nofMPsegments=\count443
\nofMParguments=\count444
\everyMPshowfont=\toks27
\MPscratchCnt=\count445
\MPscratchDim=\dimen173
\MPnumerator=\count446
\makeMPintoPDFobject=\count447
\everyMPtoPDFconversion=\toks28
)
/home/julsen/Proseminar/old/ausarbeitung_vor.tex:29: Undefined control sequence.
\__hook begindocument ...fter {\bbl@main@language 
                                                  }\ifbbl@single \renewcomma...
l.29 \begin{document}
                     
The control sequence at the end of the top line
of your error message was never \def'ed. If you have
misspelled it (e.g., `\hobx'), type `I' and the correct
spelling (e.g., `I\hbox'). Otherwise just continue,
and I'll forget about whatever was undefined.

Runaway argument?
\@m \let \normalsfcodes \frenchspacing \else \let \normalsfcodes \nonfrenchspacing \ETC.
/home/julsen/Proseminar/old/ausarbeitung_vor.tex:30: Paragraph ended before \bbl@tempe was complete.
<to be read again> 
                   \par 
l.30 
     
I suspect you've forgotten a `}', causing me to apply this
control sequence to too much text. How can we recover?
My plan is to forget the whole thing and hope for the best.

/home/julsen/Proseminar/old/ausarbeitung_vor.tex:31: Undefined control sequence.
\maketitle ->\let \Hy@saved@footnotemark 
                                         \@footnotemark \let \Hy@saved@footn...
l.31 \maketitle
               
The control sequence at the end of the top line
of your error message was never \def'ed. If you have
misspelled it (e.g., `\hobx'), type `I' and the correct
spelling (e.g., `I\hbox'). Otherwise just continue,
and I'll forget about whatever was undefined.

/home/julsen/Proseminar/old/ausarbeitung_vor.tex:31: Missing \endcsname inserted.
<to be read again> 
                   \csname\endcsname 
l.31 \maketitle
               
The control sequence marked <to be read again> should
not appear between \csname and \endcsname.

/home/julsen/Proseminar/old/ausarbeitung_vor.tex:31: Missing \endcsname inserted.
<to be read again> 
                   \csname\endcsname 
l.31 \maketitle
               
The control sequence marked <to be read again> should
not appear between \csname and \endcsname.

/home/julsen/Proseminar/old/ausarbeitung_vor.tex:31: Missing \endcsname inserted.
<to be read again> 
                   \csname\endcsname 
l.31 \maketitle
               
The control sequence marked <to be read again> should
not appear between \csname and \endcsname.

/home/julsen/Proseminar/old/ausarbeitung_vor.tex:31: Undefined control sequence.
\GenericError  ...                                
                                                    #4  \errhelp \@err@     ...
l.31 \maketitle
               
The control sequence at the end of the top line
of your error message was never \def'ed. If you have
misspelled it (e.g., `\hobx'), type `I' and the correct
spelling (e.g., `I\hbox'). Otherwise just continue,
and I'll forget about whatever was undefined.

/home/julsen/Proseminar/old/ausarbeitung_vor.tex:31: Undefined control sequence.
\GenericError  ...                                
                                                  \let \@err@               ...
l.31 \maketitle
               
The control sequence at the end of the top line
of your error message was never \def'ed. If you have
misspelled it (e.g., `\hobx'), type `I' and the correct
spelling (e.g., `I\hbox'). Otherwise just continue,
and I'll forget about whatever was undefined.

/home/julsen/Proseminar/old/ausarbeitung_vor.tex:31: Undefined control sequence.
\GenericError  ...                                
                                                  \@empty \def \MessageBreak...
l.31 \maketitle
               
The control sequence at the end of the top line
of your error message was never \def'ed. If you have
misspelled it (e.g., `\hobx'), type `I' and the correct
spelling (e.g., `I\hbox'). Otherwise just continue,
and I'll forget about whatever was undefined.

/home/julsen/Proseminar/old/ausarbeitung_vor.tex:31: Undefined control sequence.
\GenericError  ...                                
                                                     \endgroup 
l.31 \maketitle
               
The control sequence at the end of the top line
of your error message was never \def'ed. If you have
misspelled it (e.g., `\hobx'), type `I' and the correct
spelling (e.g., `I\hbox'). Otherwise just continue,
and I'll forget about whatever was undefined.

/home/julsen/Proseminar/old/ausarbeitung_vor.tex:31: Missing \endcsname inserted.
<to be read again> 
                   \endgroup 
l.31 \maketitle
               
The control sequence marked <to be read again> should
not appear between \csname and \endcsname.

/home/julsen/Proseminar/old/ausarbeitung_vor.tex:31: Missing \endcsname inserted.
<to be read again> 
                   \csname\endcsname 
l.31 \maketitle
               
The control sequence marked <to be read again> should
not appear between \csname and \endcsname.

/home/julsen/Proseminar/old/ausarbeitung_vor.tex:31: Missing \endcsname inserted.
<to be read again> 
                   \csname\endcsname 
l.31 \maketitle
               
The control sequence marked <to be read again> should
not appear between \csname and \endcsname.

/home/julsen/Proseminar/old/ausarbeitung_vor.tex:31: Missing \endcsname inserted.
<to be read again> 
                   \csname\endcsname 
l.31 \maketitle
               
The control sequence marked <to be read again> should
not appear between \csname and \endcsname.

/home/julsen/Proseminar/old/ausarbeitung_vor.tex:31: Undefined control sequence.
\GenericError  ...                                
                                                    #4  \errhelp \@err@     ...
l.31 \maketitle
               
The control sequence at the end of the top line
of your error message was never \def'ed. If you have
misspelled it (e.g., `\hobx'), type `I' and the correct
spelling (e.g., `I\hbox'). Otherwise just continue,
and I'll forget about whatever was undefined.

/home/julsen/Proseminar/old/ausarbeitung_vor.tex:31: Undefined control sequence.
\GenericError  ...                                
                                                  \let \@err@               ...
l.31 \maketitle
               
The control sequence at the end of the top line
of your error message was never \def'ed. If you have
misspelled it (e.g., `\hobx'), type `I' and the correct
spelling (e.g., `I\hbox'). Otherwise just continue,
and I'll forget about whatever was undefined.

/home/julsen/Proseminar/old/ausarbeitung_vor.tex:31: Undefined control sequence.
\GenericError  ...                                
                                                  \@empty \def \MessageBreak...
l.31 \maketitle
               
The control sequence at the end of the top line
of your error message was never \def'ed. If you have
misspelled it (e.g., `\hobx'), type `I' and the correct
spelling (e.g., `I\hbox'). Otherwise just continue,
and I'll forget about whatever was undefined.

/home/julsen/Proseminar/old/ausarbeitung_vor.tex:31: Undefined control sequence.
\GenericError  ...                                
                                                     \endgroup 
l.31 \maketitle
               
The control sequence at the end of the top line
of your error message was never \def'ed. If you have
misspelled it (e.g., `\hobx'), type `I' and the correct
spelling (e.g., `I\hbox'). Otherwise just continue,
and I'll forget about whatever was undefined.

/home/julsen/Proseminar/old/ausarbeitung_vor.tex:31: Missing \endcsname inserted.
<to be read again> 
                   \endgroup 
l.31 \maketitle
               
The control sequence marked <to be read again> should
not appear between \csname and \endcsname.

/home/julsen/Proseminar/old/ausarbeitung_vor.tex:31: Missing \endcsname inserted.
<to be read again> 
                   \csname\endcsname 
l.31 \maketitle
               
The control sequence marked <to be read again> should
not appear between \csname and \endcsname.

/home/julsen/Proseminar/old/ausarbeitung_vor.tex:31: Missing \endcsname inserted.
<to be read again> 
                   \csname\endcsname 
l.31 \maketitle
               
The control sequence marked <to be read again> should
not appear between \csname and \endcsname.

/home/julsen/Proseminar/old/ausarbeitung_vor.tex:31: Missing \endcsname inserted.
<to be read again> 
                   \csname\endcsname 
l.31 \maketitle
               
The control sequence marked <to be read again> should
not appear between \csname and \endcsname.

/home/julsen/Proseminar/old/ausarbeitung_vor.tex:31: Undefined control sequence.
\GenericError  ...                                
                                                    #4  \errhelp \@err@     ...
l.31 \maketitle
               
The control sequence at the end of the top line
of your error message was never \def'ed. If you have
misspelled it (e.g., `\hobx'), type `I' and the correct
spelling (e.g., `I\hbox'). Otherwise just continue,
and I'll forget about whatever was undefined.

/home/julsen/Proseminar/old/ausarbeitung_vor.tex:31: Undefined control sequence.
\GenericError  ...                                
                                                  \let \@err@               ...
l.31 \maketitle
               
The control sequence at the end of the top line
of your error message was never \def'ed. If you have
misspelled it (e.g., `\hobx'), type `I' and the correct
spelling (e.g., `I\hbox'). Otherwise just continue,
and I'll forget about whatever was undefined.

/home/julsen/Proseminar/old/ausarbeitung_vor.tex:31: Undefined control sequence.
\GenericError  ...                                
                                                  \@empty \def \MessageBreak...
l.31 \maketitle
               
The control sequence at the end of the top line
of your error message was never \def'ed. If you have
misspelled it (e.g., `\hobx'), type `I' and the correct
spelling (e.g., `I\hbox'). Otherwise just continue,
and I'll forget about whatever was undefined.

/home/julsen/Proseminar/old/ausarbeitung_vor.tex:31: Undefined control sequence.
\GenericError  ...                                
                                                     \endgroup 
l.31 \maketitle
               
The control sequence at the end of the top line
of your error message was never \def'ed. If you have
misspelled it (e.g., `\hobx'), type `I' and the correct
spelling (e.g., `I\hbox'). Otherwise just continue,
and I'll forget about whatever was undefined.

/home/julsen/Proseminar/old/ausarbeitung_vor.tex:31: Missing \endcsname inserted.
<to be read again> 
                   \endgroup 
l.31 \maketitle
               
The control sequence marked <to be read again> should
not appear between \csname and \endcsname.

/home/julsen/Proseminar/old/ausarbeitung_vor.tex:31: Missing \endcsname inserted.
<to be read again> 
                   \csname\endcsname 
l.31 \maketitle
               
The control sequence marked <to be read again> should
not appear between \csname and \endcsname.

/home/julsen/Proseminar/old/ausarbeitung_vor.tex:31: Missing \endcsname inserted.
<to be read again> 
                   \csname\endcsname 
l.31 \maketitle
               
The control sequence marked <to be read again> should
not appear between \csname and \endcsname.

/home/julsen/Proseminar/old/ausarbeitung_vor.tex:31: Missing \endcsname inserted.
<to be read again> 
                   \csname\endcsname 
l.31 \maketitle
               
The control sequence marked <to be read again> should
not appear between \csname and \endcsname.

/home/julsen/Proseminar/old/ausarbeitung_vor.tex:31: Undefined control sequence.
\GenericError  ...                                
                                                    #4  \errhelp \@err@     ...
l.31 \maketitle
               
The control sequence at the end of the top line
of your error message was never \def'ed. If you have
misspelled it (e.g., `\hobx'), type `I' and the correct
spelling (e.g., `I\hbox'). Otherwise just continue,
and I'll forget about whatever was undefined.

/home/julsen/Proseminar/old/ausarbeitung_vor.tex:31: Undefined control sequence.
\GenericError  ...                                
                                                  \let \@err@               ...
l.31 \maketitle
               
The control sequence at the end of the top line
of your error message was never \def'ed. If you have
misspelled it (e.g., `\hobx'), type `I' and the correct
spelling (e.g., `I\hbox'). Otherwise just continue,
and I'll forget about whatever was undefined.

/home/julsen/Proseminar/old/ausarbeitung_vor.tex:31: Undefined control sequence.
\GenericError  ...                                
                                                  \@empty \def \MessageBreak...
l.31 \maketitle
               
The control sequence at the end of the top line
of your error message was never \def'ed. If you have
misspelled it (e.g., `\hobx'), type `I' and the correct
spelling (e.g., `I\hbox'). Otherwise just continue,
and I'll forget about whatever was undefined.

/home/julsen/Proseminar/old/ausarbeitung_vor.tex:31: Undefined control sequence.
\GenericError  ...                                
                                                     \endgroup 
l.31 \maketitle
               
The control sequence at the end of the top line
of your error message was never \def'ed. If you have
misspelled it (e.g., `\hobx'), type `I' and the correct
spelling (e.g., `I\hbox'). Otherwise just continue,
and I'll forget about whatever was undefined.

/home/julsen/Proseminar/old/ausarbeitung_vor.tex:31: Missing \endcsname inserted.
<to be read again> 
                   \endgroup 
l.31 \maketitle
               
The control sequence marked <to be read again> should
not appear between \csname and \endcsname.

/home/julsen/Proseminar/old/ausarbeitung_vor.tex:31: Missing \endcsname inserted.
<to be read again> 
                   \csname\endcsname 
l.31 \maketitle
               
The control sequence marked <to be read again> should
not appear between \csname and \endcsname.

/home/julsen/Proseminar/old/ausarbeitung_vor.tex:31: Missing \endcsname inserted.
<to be read again> 
                   \csname\endcsname 
l.31 \maketitle
               
The control sequence marked <to be read again> should
not appear between \csname and \endcsname.

/home/julsen/Proseminar/old/ausarbeitung_vor.tex:31: Missing \endcsname inserted.
<to be read again> 
                   \csname\endcsname 
l.31 \maketitle
               
The control sequence marked <to be read again> should
not appear between \csname and \endcsname.

/home/julsen/Proseminar/old/ausarbeitung_vor.tex:31: Undefined control sequence.
\GenericError  ...                                
                                                    #4  \errhelp \@err@     ...
l.31 \maketitle
               
The control sequence at the end of the top line
of your error message was never \def'ed. If you have
misspelled it (e.g., `\hobx'), type `I' and the correct
spelling (e.g., `I\hbox'). Otherwise just continue,
and I'll forget about whatever was undefined.

/home/julsen/Proseminar/old/ausarbeitung_vor.tex:31: Undefined control sequence.
\GenericError  ...                                
                                                  \let \@err@               ...
l.31 \maketitle
               
The control sequence at the end of the top line
of your error message was never \def'ed. If you have
misspelled it (e.g., `\hobx'), type `I' and the correct
spelling (e.g., `I\hbox'). Otherwise just continue,
and I'll forget about whatever was undefined.

/home/julsen/Proseminar/old/ausarbeitung_vor.tex:31: Undefined control sequence.
\GenericError  ...                                
                                                  \@empty \def \MessageBreak...
l.31 \maketitle
               
The control sequence at the end of the top line
of your error message was never \def'ed. If you have
misspelled it (e.g., `\hobx'), type `I' and the correct
spelling (e.g., `I\hbox'). Otherwise just continue,
and I'll forget about whatever was undefined.

/home/julsen/Proseminar/old/ausarbeitung_vor.tex:31: Undefined control sequence.
\GenericError  ...                                
                                                     \endgroup 
l.31 \maketitle
               
The control sequence at the end of the top line
of your error message was never \def'ed. If you have
misspelled it (e.g., `\hobx'), type `I' and the correct
spelling (e.g., `I\hbox'). Otherwise just continue,
and I'll forget about whatever was undefined.

/home/julsen/Proseminar/old/ausarbeitung_vor.tex:31: Missing \endcsname inserted.
<to be read again> 
                   \endgroup 
l.31 \maketitle
               
The control sequence marked <to be read again> should
not appear between \csname and \endcsname.

/home/julsen/Proseminar/old/ausarbeitung_vor.tex:31: Missing \endcsname inserted.
<to be read again> 
                   \csname\endcsname 
l.31 \maketitle
               
The control sequence marked <to be read again> should
not appear between \csname and \endcsname.

/home/julsen/Proseminar/old/ausarbeitung_vor.tex:31: Missing \endcsname inserted.
<to be read again> 
                   \csname\endcsname 
l.31 \maketitle
               
The control sequence marked <to be read again> should
not appear between \csname and \endcsname.

/home/julsen/Proseminar/old/ausarbeitung_vor.tex:31: Missing \endcsname inserted.
<to be read again> 
                   \csname\endcsname 
l.31 \maketitle
               
The control sequence marked <to be read again> should
not appear between \csname and \endcsname.

/home/julsen/Proseminar/old/ausarbeitung_vor.tex:31: Undefined control sequence.
\GenericError  ...                                
                                                    #4  \errhelp \@err@     ...
l.31 \maketitle
               
The control sequence at the end of the top line
of your error message was never \def'ed. If you have
misspelled it (e.g., `\hobx'), type `I' and the correct
spelling (e.g., `I\hbox'). Otherwise just continue,
and I'll forget about whatever was undefined.

/home/julsen/Proseminar/old/ausarbeitung_vor.tex:31: Undefined control sequence.
\GenericError  ...                                
                                                  \let \@err@               ...
l.31 \maketitle
               
The control sequence at the end of the top line
of your error message was never \def'ed. If you have
misspelled it (e.g., `\hobx'), type `I' and the correct
spelling (e.g., `I\hbox'). Otherwise just continue,
and I'll forget about whatever was undefined.

/home/julsen/Proseminar/old/ausarbeitung_vor.tex:31: Undefined control sequence.
\GenericError  ...                                
                                                  \@empty \def \MessageBreak...
l.31 \maketitle
               
The control sequence at the end of the top line
of your error message was never \def'ed. If you have
misspelled it (e.g., `\hobx'), type `I' and the correct
spelling (e.g., `I\hbox'). Otherwise just continue,
and I'll forget about whatever was undefined.

/home/julsen/Proseminar/old/ausarbeitung_vor.tex:31: Undefined control sequence.
\GenericError  ...                                
                                                     \endgroup 
l.31 \maketitle
               
The control sequence at the end of the top line
of your error message was never \def'ed. If you have
misspelled it (e.g., `\hobx'), type `I' and the correct
spelling (e.g., `I\hbox'). Otherwise just continue,
and I'll forget about whatever was undefined.

/home/julsen/Proseminar/old/ausarbeitung_vor.tex:31: Missing \endcsname inserted.
<to be read again> 
                   \endgroup 
l.31 \maketitle
               
The control sequence marked <to be read again> should
not appear between \csname and \endcsname.

/home/julsen/Proseminar/old/ausarbeitung_vor.tex:31: Missing \endcsname inserted.
<to be read again> 
                   \csname\endcsname 
l.31 \maketitle
               
The control sequence marked <to be read again> should
not appear between \csname and \endcsname.

/home/julsen/Proseminar/old/ausarbeitung_vor.tex:31: Missing \endcsname inserted.
<to be read again> 
                   \csname\endcsname 
l.31 \maketitle
               
The control sequence marked <to be read again> should
not appear between \csname and \endcsname.

/home/julsen/Proseminar/old/ausarbeitung_vor.tex:31: Missing \endcsname inserted.
<to be read again> 
                   \csname\endcsname 
l.31 \maketitle
               
The control sequence marked <to be read again> should
not appear between \csname and \endcsname.

/home/julsen/Proseminar/old/ausarbeitung_vor.tex:31: Undefined control sequence.
\GenericError  ...                                
                                                    #4  \errhelp \@err@     ...
l.31 \maketitle
               
The control sequence at the end of the top line
of your error message was never \def'ed. If you have
misspelled it (e.g., `\hobx'), type `I' and the correct
spelling (e.g., `I\hbox'). Otherwise just continue,
and I'll forget about whatever was undefined.

/home/julsen/Proseminar/old/ausarbeitung_vor.tex:31: Undefined control sequence.
\GenericError  ...                                
                                                  \let \@err@               ...
l.31 \maketitle
               
The control sequence at the end of the top line
of your error message was never \def'ed. If you have
misspelled it (e.g., `\hobx'), type `I' and the correct
spelling (e.g., `I\hbox'). Otherwise just continue,
and I'll forget about whatever was undefined.

/home/julsen/Proseminar/old/ausarbeitung_vor.tex:31: Undefined control sequence.
\GenericError  ...                                
                                                  \@empty \def \MessageBreak...
l.31 \maketitle
               
The control sequence at the end of the top line
of your error message was never \def'ed. If you have
misspelled it (e.g., `\hobx'), type `I' and the correct
spelling (e.g., `I\hbox'). Otherwise just continue,
and I'll forget about whatever was undefined.

/home/julsen/Proseminar/old/ausarbeitung_vor.tex:31: Undefined control sequence.
\GenericError  ...                                
                                                     \endgroup 
l.31 \maketitle
               
The control sequence at the end of the top line
of your error message was never \def'ed. If you have
misspelled it (e.g., `\hobx'), type `I' and the correct
spelling (e.g., `I\hbox'). Otherwise just continue,
and I'll forget about whatever was undefined.

/home/julsen/Proseminar/old/ausarbeitung_vor.tex:31: Missing \endcsname inserted.
<to be read again> 
                   \endgroup 
l.31 \maketitle
               
The control sequence marked <to be read again> should
not appear between \csname and \endcsname.

/home/julsen/Proseminar/old/ausarbeitung_vor.tex:31: Missing \endcsname inserted.
<to be read again> 
                   \csname\endcsname 
l.31 \maketitle
               
The control sequence marked <to be read again> should
not appear between \csname and \endcsname.

/home/julsen/Proseminar/old/ausarbeitung_vor.tex:31: Missing \endcsname inserted.
<to be read again> 
                   \csname\endcsname 
l.31 \maketitle
               
The control sequence marked <to be read again> should
not appear between \csname and \endcsname.

/home/julsen/Proseminar/old/ausarbeitung_vor.tex:31: Missing \endcsname inserted.
<to be read again> 
                   \csname\endcsname 
l.31 \maketitle
               
The control sequence marked <to be read again> should
not appear between \csname and \endcsname.

/home/julsen/Proseminar/old/ausarbeitung_vor.tex:31: Undefined control sequence.
\GenericError  ...                                
                                                    #4  \errhelp \@err@     ...
l.31 \maketitle
               
The control sequence at the end of the top line
of your error message was never \def'ed. If you have
misspelled it (e.g., `\hobx'), type `I' and the correct
spelling (e.g., `I\hbox'). Otherwise just continue,
and I'll forget about whatever was undefined.

/home/julsen/Proseminar/old/ausarbeitung_vor.tex:31: Undefined control sequence.
\GenericError  ...                                
                                                  \let \@err@               ...
l.31 \maketitle
               
The control sequence at the end of the top line
of your error message was never \def'ed. If you have
misspelled it (e.g., `\hobx'), type `I' and the correct
spelling (e.g., `I\hbox'). Otherwise just continue,
and I'll forget about whatever was undefined.

/home/julsen/Proseminar/old/ausarbeitung_vor.tex:31: Undefined control sequence.
\GenericError  ...                                
                                                  \@empty \def \MessageBreak...
l.31 \maketitle
               
The control sequence at the end of the top line
of your error message was never \def'ed. If you have
misspelled it (e.g., `\hobx'), type `I' and the correct
spelling (e.g., `I\hbox'). Otherwise just continue,
and I'll forget about whatever was undefined.

/home/julsen/Proseminar/old/ausarbeitung_vor.tex:31: Undefined control sequence.
\GenericError  ...                                
                                                     \endgroup 
l.31 \maketitle
               
The control sequence at the end of the top line
of your error message was never \def'ed. If you have
misspelled it (e.g., `\hobx'), type `I' and the correct
spelling (e.g., `I\hbox'). Otherwise just continue,
and I'll forget about whatever was undefined.

/home/julsen/Proseminar/old/ausarbeitung_vor.tex:31: Missing \endcsname inserted.
<to be read again> 
                   \endgroup 
l.31 \maketitle
               
The control sequence marked <to be read again> should
not appear between \csname and \endcsname.

/home/julsen/Proseminar/old/ausarbeitung_vor.tex:31: Missing \endcsname inserted.
<to be read again> 
                   \csname\endcsname 
l.31 \maketitle
               
The control sequence marked <to be read again> should
not appear between \csname and \endcsname.

/home/julsen/Proseminar/old/ausarbeitung_vor.tex:31: Missing \endcsname inserted.
<to be read again> 
                   \csname\endcsname 
l.31 \maketitle
               
The control sequence marked <to be read again> should
not appear between \csname and \endcsname.

/home/julsen/Proseminar/old/ausarbeitung_vor.tex:31: Missing \endcsname inserted.
<to be read again> 
                   \csname\endcsname 
l.31 \maketitle
               
The control sequence marked <to be read again> should
not appear between \csname and \endcsname.

/home/julsen/Proseminar/old/ausarbeitung_vor.tex:31: Undefined control sequence.
\GenericError  ...                                
                                                    #4  \errhelp \@err@     ...
l.31 \maketitle
               
The control sequence at the end of the top line
of your error message was never \def'ed. If you have
misspelled it (e.g., `\hobx'), type `I' and the correct
spelling (e.g., `I\hbox'). Otherwise just continue,
and I'll forget about whatever was undefined.

/home/julsen/Proseminar/old/ausarbeitung_vor.tex:31: Undefined control sequence.
\GenericError  ...                                
                                                  \let \@err@               ...
l.31 \maketitle
               
The control sequence at the end of the top line
of your error message was never \def'ed. If you have
misspelled it (e.g., `\hobx'), type `I' and the correct
spelling (e.g., `I\hbox'). Otherwise just continue,
and I'll forget about whatever was undefined.

/home/julsen/Proseminar/old/ausarbeitung_vor.tex:31: Undefined control sequence.
\GenericError  ...                                
                                                  \@empty \def \MessageBreak...
l.31 \maketitle
               
The control sequence at the end of the top line
of your error message was never \def'ed. If you have
misspelled it (e.g., `\hobx'), type `I' and the correct
spelling (e.g., `I\hbox'). Otherwise just continue,
and I'll forget about whatever was undefined.

/home/julsen/Proseminar/old/ausarbeitung_vor.tex:31: Undefined control sequence.
\GenericError  ...                                
                                                     \endgroup 
l.31 \maketitle
               
The control sequence at the end of the top line
of your error message was never \def'ed. If you have
misspelled it (e.g., `\hobx'), type `I' and the correct
spelling (e.g., `I\hbox'). Otherwise just continue,
and I'll forget about whatever was undefined.

/home/julsen/Proseminar/old/ausarbeitung_vor.tex:31: Missing \endcsname inserted.
<to be read again> 
                   \endgroup 
l.31 \maketitle
               
The control sequence marked <to be read again> should
not appear between \csname and \endcsname.

/home/julsen/Proseminar/old/ausarbeitung_vor.tex:31: Missing \endcsname inserted.
<to be read again> 
                   \csname\endcsname 
l.31 \maketitle
               
The control sequence marked <to be read again> should
not appear between \csname and \endcsname.

/home/julsen/Proseminar/old/ausarbeitung_vor.tex:31: Missing \endcsname inserted.
<to be read again> 
                   \csname\endcsname 
l.31 \maketitle
               
The control sequence marked <to be read again> should
not appear between \csname and \endcsname.

/home/julsen/Proseminar/old/ausarbeitung_vor.tex:31: Missing \endcsname inserted.
<to be read again> 
                   \csname\endcsname 
l.31 \maketitle
               
The control sequence marked <to be read again> should
not appear between \csname and \endcsname.

/home/julsen/Proseminar/old/ausarbeitung_vor.tex:31: Undefined control sequence.
\GenericError  ...                                
                                                    #4  \errhelp \@err@     ...
l.31 \maketitle
               
The control sequence at the end of the top line
of your error message was never \def'ed. If you have
misspelled it (e.g., `\hobx'), type `I' and the correct
spelling (e.g., `I\hbox'). Otherwise just continue,
and I'll forget about whatever was undefined.

/home/julsen/Proseminar/old/ausarbeitung_vor.tex:31: Undefined control sequence.
\GenericError  ...                                
                                                  \let \@err@               ...
l.31 \maketitle
               
The control sequence at the end of the top line
of your error message was never \def'ed. If you have
misspelled it (e.g., `\hobx'), type `I' and the correct
spelling (e.g., `I\hbox'). Otherwise just continue,
and I'll forget about whatever was undefined.

/home/julsen/Proseminar/old/ausarbeitung_vor.tex:31: Undefined control sequence.
\GenericError  ...                                
                                                  \@empty \def \MessageBreak...
l.31 \maketitle
               
The control sequence at the end of the top line
of your error message was never \def'ed. If you have
misspelled it (e.g., `\hobx'), type `I' and the correct
spelling (e.g., `I\hbox'). Otherwise just continue,
and I'll forget about whatever was undefined.

/home/julsen/Proseminar/old/ausarbeitung_vor.tex:31: Undefined control sequence.
\GenericError  ...                                
                                                     \endgroup 
l.31 \maketitle
               
The control sequence at the end of the top line
of your error message was never \def'ed. If you have
misspelled it (e.g., `\hobx'), type `I' and the correct
spelling (e.g., `I\hbox'). Otherwise just continue,
and I'll forget about whatever was undefined.

/home/julsen/Proseminar/old/ausarbeitung_vor.tex:31: Missing \endcsname inserted.
<to be read again> 
                   \endgroup 
l.31 \maketitle
               
The control sequence marked <to be read again> should
not appear between \csname and \endcsname.

/home/julsen/Proseminar/old/ausarbeitung_vor.tex:31: Missing \endcsname inserted.
<to be read again> 
                   \csname\endcsname 
l.31 \maketitle
               
The control sequence marked <to be read again> should
not appear between \csname and \endcsname.

/home/julsen/Proseminar/old/ausarbeitung_vor.tex:31: Missing \endcsname inserted.
<to be read again> 
                   \csname\endcsname 
l.31 \maketitle
               
The control sequence marked <to be read again> should
not appear between \csname and \endcsname.

/home/julsen/Proseminar/old/ausarbeitung_vor.tex:31: Missing \endcsname inserted.
<to be read again> 
                   \csname\endcsname 
l.31 \maketitle
               
The control sequence marked <to be read again> should
not appear between \csname and \endcsname.

/home/julsen/Proseminar/old/ausarbeitung_vor.tex:31: Undefined control sequence.
\GenericError  ...                                
                                                    #4  \errhelp \@err@     ...
l.31 \maketitle
               
The control sequence at the end of the top line
of your error message was never \def'ed. If you have
misspelled it (e.g., `\hobx'), type `I' and the correct
spelling (e.g., `I\hbox'). Otherwise just continue,
and I'll forget about whatever was undefined.

/home/julsen/Proseminar/old/ausarbeitung_vor.tex:31: Undefined control sequence.
\GenericError  ...                                
                                                  \let \@err@               ...
l.31 \maketitle
               
The control sequence at the end of the top line
of your error message was never \def'ed. If you have
misspelled it (e.g., `\hobx'), type `I' and the correct
spelling (e.g., `I\hbox'). Otherwise just continue,
and I'll forget about whatever was undefined.

/home/julsen/Proseminar/old/ausarbeitung_vor.tex:31: Undefined control sequence.
\GenericError  ...                                
                                                  \@empty \def \MessageBreak...
l.31 \maketitle
               
The control sequence at the end of the top line
of your error message was never \def'ed. If you have
misspelled it (e.g., `\hobx'), type `I' and the correct
spelling (e.g., `I\hbox'). Otherwise just continue,
and I'll forget about whatever was undefined.

/home/julsen/Proseminar/old/ausarbeitung_vor.tex:31: Undefined control sequence.
\GenericError  ...                                
                                                     \endgroup 
l.31 \maketitle
               
The control sequence at the end of the top line
of your error message was never \def'ed. If you have
misspelled it (e.g., `\hobx'), type `I' and the correct
spelling (e.g., `I\hbox'). Otherwise just continue,
and I'll forget about whatever was undefined.

/home/julsen/Proseminar/old/ausarbeitung_vor.tex:31: Missing \endcsname inserted.
<to be read again> 
                   \endgroup 
l.31 \maketitle
               
The control sequence marked <to be read again> should
not appear between \csname and \endcsname.

/home/julsen/Proseminar/old/ausarbeitung_vor.tex:31: Missing \endcsname inserted.
<to be read again> 
                   \csname\endcsname 
l.31 \maketitle
               
The control sequence marked <to be read again> should
not appear between \csname and \endcsname.

/home/julsen/Proseminar/old/ausarbeitung_vor.tex:31: Missing \endcsname inserted.
<to be read again> 
                   \csname\endcsname 
l.31 \maketitle
               
The control sequence marked <to be read again> should
not appear between \csname and \endcsname.

/home/julsen/Proseminar/old/ausarbeitung_vor.tex:31: Missing \endcsname inserted.
<to be read again> 
                   \csname\endcsname 
l.31 \maketitle
               
The control sequence marked <to be read again> should
not appear between \csname and \endcsname.

/home/julsen/Proseminar/old/ausarbeitung_vor.tex:31: Undefined control sequence.
\GenericError  ...                                
                                                    #4  \errhelp \@err@     ...
l.31 \maketitle
               
The control sequence at the end of the top line
of your error message was never \def'ed. If you have
misspelled it (e.g., `\hobx'), type `I' and the correct
spelling (e.g., `I\hbox'). Otherwise just continue,
and I'll forget about whatever was undefined.

/home/julsen/Proseminar/old/ausarbeitung_vor.tex:31: Undefined control sequence.
\GenericError  ...                                
                                                  \let \@err@               ...
l.31 \maketitle
               
The control sequence at the end of the top line
of your error message was never \def'ed. If you have
misspelled it (e.g., `\hobx'), type `I' and the correct
spelling (e.g., `I\hbox'). Otherwise just continue,
and I'll forget about whatever was undefined.

/home/julsen/Proseminar/old/ausarbeitung_vor.tex:31: Undefined control sequence.
\GenericError  ...                                
                                                  \@empty \def \MessageBreak...
l.31 \maketitle
               
(That makes 100 errors; please try again.) 
Here is how much of TeX's memory you used:
 17607 strings out of 469515
 308065 string characters out of 5470807
 922058 words of memory out of 5000000
 46117 multiletter control sequences out of 15000+600000
 628334 words of font info for 42 fonts, out of 8000000 for 9000
 14 hyphenation exceptions out of 8191
 63i,0n,67p,733b,198s stack positions out of 10000i,1000n,20000p,200000b,200000s

/home/julsen/Proseminar/old/ausarbeitung_vor.tex:31:  ==> Fatal error occurred, no output PDF file produced!
